<?xml version="1.0" encoding="UTF-8"?>
<!-- Generated by org.testng.reporters.JUnitXMLReporter -->
<testsuite hostname="TVGL-8KRX662" ignored="0" name="Test" tests="3" failures="0" timestamp="16 Jul 2017 05:37:42 GMT" time="61.816" errors="0">
  <testcase name="Add_Item_ToCart" time="12.615" classname="gsmserver_com.Add_Item_To_Cart"/>
  <testcase name="itemSearch_via_Search" time="9.375" classname="gsmserver_com.SearchItem_Is_the_First"/>
  <testcase name="Delete_iTem_From_Cart" time="19.702" classname="gsmserver_com.Delete_Item_From_Cart"/>
</testsuite> <!-- Test -->
